<?xml version="1.0" encoding="UTF-8"?>
<!-- Generated by org.testng.reporters.JUnitXMLReporter -->
<testsuite hostname="DESKTOP-JHJRVJ9" ignored="0" name="Softassert" tests="1" failures="1" timestamp="2019-09-03T16:12:17 EDT" time="25.281" errors="0">
  <testcase name="verifyTitle" time="25.25" classname="com.selenium.TestAssertExample">
    <failure type="java.lang.AssertionError" message="The following asserts failed:
	expected [yahoo] but found [Roicians Blog - Best Training Article, Tips, Guides, News]">
      <![CDATA[java.lang.AssertionError: The following asserts failed:
expected [yahoo] but found [Roicians Blog - Best Training Article, Tips, Guides, News]
at com.selenium.TestAssertExample.verifyTitle(TestAssertExample.java:22)
at java.util.ArrayList.forEach(Unknown Source)
... Removed 29 stack frames]]>
    </failure>
  </testcase> <!-- verifyTitle -->
</testsuite> <!-- Softassert -->
